<?xml version="1.0" encoding="UTF-8"?>
<!-- Generated by org.testng.reporters.JUnitReportReporter -->
<testsuite skipped="0" hostname="Sail" name="packtest1.LoginTest" tests="1" failures="0" timestamp="14 Nov 2020 06:31:45 GMT" time="12.572" errors="0">
  <testcase name="loginPage" time="12.572" classname="packtest1.LoginTest"/>
</testsuite> <!-- packtest1.LoginTest -->
