<?xml version="1.0" encoding="UTF-8"?>
<!-- Generated by org.testng.reporters.JUnitReportReporter -->
<testsuite skipped="0" hostname="Sail" name="packtest1.TestRun" tests="1" failures="0" timestamp="16 Nov 2020 10:56:24 GMT" time="24.266" errors="0">
  <testcase name="testrun" time="24.266" classname="packtest1.TestRun"/>
</testsuite> <!-- packtest1.TestRun -->
