<?xml version="1.0" encoding="UTF-8"?>
<!-- Generated by org.testng.reporters.JUnitReportReporter -->
<testsuite skipped="0" hostname="Sail" name="packtest1.ResgisterTest" tests="1" failures="0" timestamp="14 Nov 2020 10:00:44 GMT" time="21.979" errors="0">
  <testcase name="registerPage" time="21.979" classname="packtest1.ResgisterTest"/>
</testsuite> <!-- packtest1.ResgisterTest -->
